Using pre-set license
Built from '2021.2/staging' branch; Version is '2021.2.7f1 (6bd9e232123f) revision 7068130'; Using compiler version '192829333'; Build Type 'Release'
OS: 'Windows 11  (10.0.22000) 64bit Core' Language: 'en' Physical Memory: 32609 MB
BatchMode: 1, IsHumanControllingUs: 0, StartBugReporterOnCrash: 0, Is64bit: 1, IsPro: 0

COMMAND LINE ARGUMENTS:
C:\Program Files\2021.2.7f1\Editor\Unity.exe
-adb2
-batchMode
-noUpm
-name
AssetImportWorker0
-projectPath
D:/Unity/ADRC4_2122/HomeLust/HomeLust_Aggregator
-logFile
Logs/AssetImportWorker0.log
-srvPort
60335
Successfully changed project path to: D:/Unity/ADRC4_2122/HomeLust/HomeLust_Aggregator
D:/Unity/ADRC4_2122/HomeLust/HomeLust_Aggregator
[UnityMemory] Configuration Parameters - Can be set up in boot.config
    "memorysetup-bucket-allocator-granularity=16"
    "memorysetup-bucket-allocator-bucket-count=8"
    "memorysetup-bucket-allocator-block-size=33554432"
    "memorysetup-bucket-allocator-block-count=8"
    "memorysetup-main-allocator-block-size=16777216"
    "memorysetup-thread-allocator-block-size=16777216"
    "memorysetup-gfx-main-allocator-block-size=16777216"
    "memorysetup-gfx-thread-allocator-block-size=16777216"
    "memorysetup-cache-allocator-block-size=4194304"
    "memorysetup-typetree-allocator-block-size=2097152"
    "memorysetup-profiler-bucket-allocator-granularity=16"
    "memorysetup-profiler-bucket-allocator-bucket-count=8"
    "memorysetup-profiler-bucket-allocator-block-size=33554432"
    "memorysetup-profiler-bucket-allocator-block-count=8"
    "memorysetup-profiler-allocator-block-size=16777216"
    "memorysetup-profiler-editor-allocator-block-size=1048576"
    "memorysetup-temp-allocator-size-main=16777216"
    "memorysetup-job-temp-allocator-block-size=2097152"
    "memorysetup-job-temp-allocator-block-size-background=1048576"
    "memorysetup-job-temp-allocator-reduction-small-platforms=262144"
    "memorysetup-temp-allocator-size-background-worker=32768"
    "memorysetup-temp-allocator-size-job-worker=262144"
    "memorysetup-temp-allocator-size-preload-manager=33554432"
    "memorysetup-temp-allocator-size-nav-mesh-worker=65536"
    "memorysetup-temp-allocator-size-audio-worker=65536"
    "memorysetup-temp-allocator-size-cloud-worker=32768"
    "memorysetup-temp-allocator-size-gi-baking-worker=262144"
    "memorysetup-temp-allocator-size-gfx=262144"
Refreshing native plugins compatible for Editor in 79.20 ms, found 3 plugins.
Preloading 0 native plugins for Editor in 0.00 ms.
Initialize engine version: 2021.2.7f1 (6bd9e232123f)
[Subsystems] Discovering subsystems at path C:/Program Files/2021.2.7f1/Editor/Data/Resources/UnitySubsystems
[Subsystems] Discovering subsystems at path D:/Unity/ADRC4_2122/HomeLust/HomeLust_Aggregator/Assets
GfxDevice: creating device client; threaded=0; jobified=0
Direct3D:
    Version:  Direct3D 11.0 [level 11.1]
    Renderer: NVIDIA GeForce RTX 2070 with Max-Q Design (ID=0x1f10)
    Vendor:   NVIDIA
    VRAM:     8031 MB
    Driver:   27.21.14.6140
Initialize mono
Mono path[0] = 'C:/Program Files/2021.2.7f1/Editor/Data/Managed'
Mono path[1] = 'C:/Program Files/2021.2.7f1/Editor/Data/MonoBleedingEdge/lib/mono/unityjit-win32'
Mono config path = 'C:/Program Files/2021.2.7f1/Editor/Data/MonoBleedingEdge/etc'
Using monoOptions --debugger-agent=transport=dt_socket,embedding=1,server=y,suspend=n,address=127.0.0.1:56260
Begin MonoManager ReloadAssembly
Registering precompiled unity dll's ...
Register platform support module: C:/Program Files/2021.2.7f1/Editor/Data/PlaybackEngines/WebGLSupport/UnityEditor.WebGL.Extensions.dll
Register platform support module: C:/Program Files/2021.2.7f1/Editor/Data/PlaybackEngines/WindowsStandaloneSupport/UnityEditor.WindowsStandalone.Extensions.dll
Registered in 0.003862 seconds.
Native extension for WindowsStandalone target not found
Native extension for WebGL target not found
Refreshing native plugins compatible for Editor in 84.99 ms, found 3 plugins.
Preloading 0 native plugins for Editor in 0.00 ms.
Mono: successfully reloaded assembly
- Completed reload, in  0.663 seconds
Domain Reload Profiling:
	ReloadAssembly (663ms)
		BeginReloadAssembly (74ms)
			ExecutionOrderSort (0ms)
			DisableScriptedObjects (0ms)
			BackupInstance (0ms)
			ReleaseScriptingObjects (0ms)
			CreateAndSetChildDomain (1ms)
		EndReloadAssembly (511ms)
			LoadAssemblies (72ms)
			RebuildTransferFunctionScriptingTraits (0ms)
			SetupTypeCache (116ms)
			ReleaseScriptCaches (0ms)
			RebuildScriptCaches (32ms)
			SetupLoadedEditorAssemblies (308ms)
				LogAssemblyErrors (0ms)
				InitializePlatformSupportModulesInManaged (17ms)
				SetLoadedEditorAssemblies (0ms)
				RefreshPlugins (85ms)
				BeforeProcessingInitializeOnLoad (1ms)
				ProcessInitializeOnLoadAttributes (158ms)
				ProcessInitializeOnLoadMethodAttributes (46ms)
				AfterProcessingInitializeOnLoad (0ms)
				EditorAssembliesLoaded (0ms)
			ExecutionOrderSort2 (0ms)
			AwakeInstancesAfterBackupRestoration (0ms)
Platform modules already initialized, skipping
Registering precompiled user dll's ...
Registered in 0.003731 seconds.
Begin MonoManager ReloadAssembly
Symbol file LoadedFromMemory doesn't match image D:\Unity\ADRC4_2122\HomeLust\HomeLust_Aggregator\Library\PackageCache\com.unity.visualscripting@1.7.6\Editor\VisualScripting.Core\Dependencies\YamlDotNet\Unity.VisualScripting.YamlDotNet.dll
Symbol file LoadedFromMemory doesn't match image D:\Unity\ADRC4_2122\HomeLust\HomeLust_Aggregator\Library\PackageCache\com.unity.visualscripting@1.7.6\Editor\VisualScripting.Core\Dependencies\DotNetZip\Unity.VisualScripting.IonicZip.dll
Native extension for WindowsStandalone target not found
Native extension for WebGL target not found
Refreshing native plugins compatible for Editor in 113.25 ms, found 3 plugins.
Preloading 0 native plugins for Editor in 0.00 ms.
Mono: successfully reloaded assembly
- Completed reload, in  1.206 seconds
Domain Reload Profiling:
	ReloadAssembly (1206ms)
		BeginReloadAssembly (115ms)
			ExecutionOrderSort (0ms)
			DisableScriptedObjects (6ms)
			BackupInstance (0ms)
			ReleaseScriptingObjects (0ms)
			CreateAndSetChildDomain (22ms)
		EndReloadAssembly (991ms)
			LoadAssemblies (71ms)
			RebuildTransferFunctionScriptingTraits (0ms)
			SetupTypeCache (256ms)
			ReleaseScriptCaches (1ms)
			RebuildScriptCaches (58ms)
			SetupLoadedEditorAssemblies (559ms)
				LogAssemblyErrors (0ms)
				InitializePlatformSupportModulesInManaged (12ms)
				SetLoadedEditorAssemblies (0ms)
				RefreshPlugins (113ms)
				BeforeProcessingInitializeOnLoad (102ms)
				ProcessInitializeOnLoadAttributes (305ms)
				ProcessInitializeOnLoadMethodAttributes (21ms)
				AfterProcessingInitializeOnLoad (6ms)
				EditorAssembliesLoaded (0ms)
			ExecutionOrderSort2 (0ms)
			AwakeInstancesAfterBackupRestoration (7ms)
Platform modules already initialized, skipping
========================================================================
Worker process is ready to serve import requests
Launched and connected shader compiler UnityShaderCompiler.exe after 0.06 seconds
Refreshing native plugins compatible for Editor in 0.52 ms, found 3 plugins.
Preloading 0 native plugins for Editor in 0.00 ms.
Unloading 3445 Unused Serialized files (Serialized files now loaded: 0)
Unloading 26 unused Assets / (55.7 KB). Loaded Objects now: 3905.
Memory consumption went from 120.7 MB to 120.7 MB.
Total: 3.415100 ms (FindLiveObjects: 0.322600 ms CreateObjectMapping: 0.260900 ms MarkObjects: 2.759600 ms  DeleteObjects: 0.071300 ms)

AssetImportParameters requested are different than current active one (requested -> active):
  custom:video-decoder-ogg-theora: a1e56fd34408186e4bbccfd4996cb3dc -> 
  custom:container-muxer-webm: aa71ff27fc2769a1b78a27578f13a17b -> 
  custom:container-demuxer-webm: 4f35f7cbe854078d1ac9338744f61a02 -> 
  custom:video-encoder-webm-vp8: eb34c28f22e8b96e1ab97ce403110664 -> 
  custom:audio-encoder-webm-vorbis: bf7c407c2cedff20999df2af8eb42d56 -> 
  custom:framework-win-MediaFoundation: 216162199b28c13a410421893ffa2e32 -> 
  custom:container-demuxer-ogg: 62fdf1f143b41e24485cea50d1cbac27 -> 
  custom:video-decoder-webm-vp8: 9c59270c3fd7afecdb556c50c9e8de78 -> 
  custom:audio-decoder-ogg-vorbis: bf7c407c2cedff20999df2af8eb42d56 -> 
========================================================================
Received Import Request.
  Time since last request: 131153.355019 seconds.
  path: Assets/Scripts
  artifactKey: Guid(daed6bb7945b16149819ebfb1dd0ece6) Importer(815301076,1909f56bfc062723c751e8b465ee728b)
Start importing Assets/Scripts using Guid(daed6bb7945b16149819ebfb1dd0ece6) Importer(815301076,1909f56bfc062723c751e8b465ee728b)  -> (artifact id: 'd3c92145384f4a96a5d315aab2ec876a') in 0.010353 seconds 
========================================================================
Received Import Request.
  Time since last request: 0.603063 seconds.
  path: Assets/Scripts/TilePattern.cs
  artifactKey: Guid(50a10b39f1213d44dafd9c15973e4335) Importer(815301076,1909f56bfc062723c751e8b465ee728b)
Start importing Assets/Scripts/TilePattern.cs using Guid(50a10b39f1213d44dafd9c15973e4335) Importer(815301076,1909f56bfc062723c751e8b465ee728b)  -> (artifact id: 'ad1740ef6bdb354fe8cb6dd0140f3acb') in 0.031832 seconds 
========================================================================
Received Import Request.
  Time since last request: 3.734619 seconds.
  path: Assets/Scripts/Tile.cs
  artifactKey: Guid(ca28b237c061f034bae0acc286b8fe14) Importer(815301076,1909f56bfc062723c751e8b465ee728b)
Start importing Assets/Scripts/Tile.cs using Guid(ca28b237c061f034bae0acc286b8fe14) Importer(815301076,1909f56bfc062723c751e8b465ee728b)  -> (artifact id: '33cd341728c18c9e89e3f43c98526083') in 0.009821 seconds 
========================================================================
Received Import Request.
  Time since last request: 1.033724 seconds.
  path: Assets/Scripts/MeshFunctions.cs
  artifactKey: Guid(6f2da75496fb6a74b9ba7a69a44f5f83) Importer(815301076,1909f56bfc062723c751e8b465ee728b)
Start importing Assets/Scripts/MeshFunctions.cs using Guid(6f2da75496fb6a74b9ba7a69a44f5f83) Importer(815301076,1909f56bfc062723c751e8b465ee728b)  -> (artifact id: 'bc460bfff036697029900aa4739f8fc9') in 0.008601 seconds 
========================================================================
Received Import Request.
  Time since last request: 0.757153 seconds.
  path: Assets/Scripts/Util
  artifactKey: Guid(e035151350f7c6a4681e6aef5bee172a) Importer(815301076,1909f56bfc062723c751e8b465ee728b)
Start importing Assets/Scripts/Util using Guid(e035151350f7c6a4681e6aef5bee172a) Importer(815301076,1909f56bfc062723c751e8b465ee728b)  -> (artifact id: '3f9c6d9ba8981658278540b84194f13f') in 0.007191 seconds 
========================================================================
Received Import Request.
  Time since last request: 2.550077 seconds.
  path: Assets/Scripts/Connection.cs
  artifactKey: Guid(b833e525bba94e04fb32206396c90fd7) Importer(815301076,1909f56bfc062723c751e8b465ee728b)
Start importing Assets/Scripts/Connection.cs using Guid(b833e525bba94e04fb32206396c90fd7) Importer(815301076,1909f56bfc062723c751e8b465ee728b)  -> (artifact id: 'c182f9a51c508760b1e781420bcbc483') in 0.006719 seconds 
========================================================================
Received Prepare
Registering precompiled user dll's ...
Registered in 0.007067 seconds.
Begin MonoManager ReloadAssembly
Symbol file LoadedFromMemory doesn't match image D:\Unity\ADRC4_2122\HomeLust\HomeLust_Aggregator\Library\PackageCache\com.unity.visualscripting@1.7.6\Editor\VisualScripting.Core\Dependencies\YamlDotNet\Unity.VisualScripting.YamlDotNet.dll
Symbol file LoadedFromMemory doesn't match image D:\Unity\ADRC4_2122\HomeLust\HomeLust_Aggregator\Library\PackageCache\com.unity.visualscripting@1.7.6\Editor\VisualScripting.Core\Dependencies\DotNetZip\Unity.VisualScripting.IonicZip.dll
Native extension for WindowsStandalone target not found
Native extension for WebGL target not found
Refreshing native plugins compatible for Editor in 0.58 ms, found 3 plugins.
Preloading 0 native plugins for Editor in 0.00 ms.
Mono: successfully reloaded assembly
- Completed reload, in  1.430 seconds
Domain Reload Profiling:
	ReloadAssembly (1431ms)
		BeginReloadAssembly (220ms)
			ExecutionOrderSort (0ms)
			DisableScriptedObjects (11ms)
			BackupInstance (0ms)
			ReleaseScriptingObjects (0ms)
			CreateAndSetChildDomain (53ms)
		EndReloadAssembly (1044ms)
			LoadAssemblies (115ms)
			RebuildTransferFunctionScriptingTraits (1ms)
			SetupTypeCache (388ms)
			ReleaseScriptCaches (3ms)
			RebuildScriptCaches (88ms)
			SetupLoadedEditorAssemblies (387ms)
				LogAssemblyErrors (0ms)
				InitializePlatformSupportModulesInManaged (17ms)
				SetLoadedEditorAssemblies (1ms)
				RefreshPlugins (1ms)
				BeforeProcessingInitializeOnLoad (64ms)
				ProcessInitializeOnLoadAttributes (273ms)
				ProcessInitializeOnLoadMethodAttributes (26ms)
				AfterProcessingInitializeOnLoad (6ms)
				EditorAssembliesLoaded (0ms)
			ExecutionOrderSort2 (0ms)
			AwakeInstancesAfterBackupRestoration (6ms)
Platform modules already initialized, skipping
Refreshing native plugins compatible for Editor in 0.49 ms, found 3 plugins.
Preloading 0 native plugins for Editor in 0.00 ms.
Unloading 3438 Unused Serialized files (Serialized files now loaded: 0)
Unloading 20 unused Assets / (24.6 KB). Loaded Objects now: 3906.
Memory consumption went from 120.6 MB to 120.6 MB.
Total: 3.054400 ms (FindLiveObjects: 0.286300 ms CreateObjectMapping: 0.195500 ms MarkObjects: 2.551000 ms  DeleteObjects: 0.020800 ms)

AssetImportParameters requested are different than current active one (requested -> active):
  custom:video-decoder-ogg-theora: a1e56fd34408186e4bbccfd4996cb3dc -> 
  custom:container-muxer-webm: aa71ff27fc2769a1b78a27578f13a17b -> 
  custom:container-demuxer-webm: 4f35f7cbe854078d1ac9338744f61a02 -> 
  custom:video-encoder-webm-vp8: eb34c28f22e8b96e1ab97ce403110664 -> 
  custom:audio-encoder-webm-vorbis: bf7c407c2cedff20999df2af8eb42d56 -> 
  custom:framework-win-MediaFoundation: 216162199b28c13a410421893ffa2e32 -> 
  custom:container-demuxer-ogg: 62fdf1f143b41e24485cea50d1cbac27 -> 
  custom:video-decoder-webm-vp8: 9c59270c3fd7afecdb556c50c9e8de78 -> 
  custom:audio-decoder-ogg-vorbis: bf7c407c2cedff20999df2af8eb42d56 -> 
========================================================================
Received Prepare
Registering precompiled user dll's ...
Registered in 0.003355 seconds.
Begin MonoManager ReloadAssembly
Symbol file LoadedFromMemory doesn't match image D:\Unity\ADRC4_2122\HomeLust\HomeLust_Aggregator\Library\PackageCache\com.unity.visualscripting@1.7.6\Editor\VisualScripting.Core\Dependencies\YamlDotNet\Unity.VisualScripting.YamlDotNet.dll
Symbol file LoadedFromMemory doesn't match image D:\Unity\ADRC4_2122\HomeLust\HomeLust_Aggregator\Library\PackageCache\com.unity.visualscripting@1.7.6\Editor\VisualScripting.Core\Dependencies\DotNetZip\Unity.VisualScripting.IonicZip.dll
Native extension for WindowsStandalone target not found
Native extension for WebGL target not found
Refreshing native plugins compatible for Editor in 0.89 ms, found 3 plugins.
Preloading 0 native plugins for Editor in 0.00 ms.
Mono: successfully reloaded assembly
- Completed reload, in  1.244 seconds
Domain Reload Profiling:
	ReloadAssembly (1245ms)
		BeginReloadAssembly (148ms)
			ExecutionOrderSort (0ms)
			DisableScriptedObjects (6ms)
			BackupInstance (0ms)
			ReleaseScriptingObjects (0ms)
			CreateAndSetChildDomain (37ms)
		EndReloadAssembly (976ms)
			LoadAssemblies (85ms)
			RebuildTransferFunctionScriptingTraits (0ms)
			SetupTypeCache (316ms)
			ReleaseScriptCaches (2ms)
			RebuildScriptCaches (59ms)
			SetupLoadedEditorAssemblies (444ms)
				LogAssemblyErrors (0ms)
				InitializePlatformSupportModulesInManaged (17ms)
				SetLoadedEditorAssemblies (1ms)
				RefreshPlugins (1ms)
				BeforeProcessingInitializeOnLoad (67ms)
				ProcessInitializeOnLoadAttributes (317ms)
				ProcessInitializeOnLoadMethodAttributes (33ms)
				AfterProcessingInitializeOnLoad (8ms)
				EditorAssembliesLoaded (0ms)
			ExecutionOrderSort2 (0ms)
			AwakeInstancesAfterBackupRestoration (7ms)
Platform modules already initialized, skipping
Refreshing native plugins compatible for Editor in 0.54 ms, found 3 plugins.
Preloading 0 native plugins for Editor in 0.00 ms.
Unloading 3437 Unused Serialized files (Serialized files now loaded: 0)
Unloading 20 unused Assets / (24.6 KB). Loaded Objects now: 3907.
Memory consumption went from 120.6 MB to 120.6 MB.
Total: 3.356900 ms (FindLiveObjects: 0.358800 ms CreateObjectMapping: 0.256800 ms MarkObjects: 2.712900 ms  DeleteObjects: 0.027300 ms)

AssetImportParameters requested are different than current active one (requested -> active):
  custom:video-decoder-ogg-theora: a1e56fd34408186e4bbccfd4996cb3dc -> 
  custom:container-muxer-webm: aa71ff27fc2769a1b78a27578f13a17b -> 
  custom:container-demuxer-webm: 4f35f7cbe854078d1ac9338744f61a02 -> 
  custom:video-encoder-webm-vp8: eb34c28f22e8b96e1ab97ce403110664 -> 
  custom:audio-encoder-webm-vorbis: bf7c407c2cedff20999df2af8eb42d56 -> 
  custom:framework-win-MediaFoundation: 216162199b28c13a410421893ffa2e32 -> 
  custom:container-demuxer-ogg: 62fdf1f143b41e24485cea50d1cbac27 -> 
  custom:video-decoder-webm-vp8: 9c59270c3fd7afecdb556c50c9e8de78 -> 
  custom:audio-decoder-ogg-vorbis: bf7c407c2cedff20999df2af8eb42d56 -> 
========================================================================
Received Import Request.
  Time since last request: 25.185580 seconds.
  path: Assets/Scripts/Managers
  artifactKey: Guid(c9d5765f4165ddd488a5484dd8cdca0c) Importer(815301076,1909f56bfc062723c751e8b465ee728b)
Start importing Assets/Scripts/Managers using Guid(c9d5765f4165ddd488a5484dd8cdca0c) Importer(815301076,1909f56bfc062723c751e8b465ee728b)  -> (artifact id: '51502e6b1a35b68c7c69d6605c0effd4') in 0.012951 seconds 
========================================================================
Received Import Request.
  Time since last request: 5.508194 seconds.
  path: Assets/Scenes
  artifactKey: Guid(d8f6231a38a5fe742a85669542419695) Importer(815301076,1909f56bfc062723c751e8b465ee728b)
Start importing Assets/Scenes using Guid(d8f6231a38a5fe742a85669542419695) Importer(815301076,1909f56bfc062723c751e8b465ee728b)  -> (artifact id: 'ba5a7b51d360830add3408bba546e0ec') in 0.009844 seconds 
========================================================================
Received Import Request.
  Time since last request: 0.819324 seconds.
  path: Assets/Scenes/SampleScene.unity
  artifactKey: Guid(9fc0d4010bbf28b4594072e72b8655ab) Importer(815301076,1909f56bfc062723c751e8b465ee728b)
Start importing Assets/Scenes/SampleScene.unity using Guid(9fc0d4010bbf28b4594072e72b8655ab) Importer(815301076,1909f56bfc062723c751e8b465ee728b)  -> (artifact id: '186c430a2172414347a1851b6f4534f1') in 0.019493 seconds 
========================================================================
Received Import Request.
  Time since last request: 72.976908 seconds.
  path: Assets/Resources
  artifactKey: Guid(274313819337f0f4f8f178364a607a8a) Importer(815301076,1909f56bfc062723c751e8b465ee728b)
Start importing Assets/Resources using Guid(274313819337f0f4f8f178364a607a8a) Importer(815301076,1909f56bfc062723c751e8b465ee728b)  -> (artifact id: '3b4b2183149cf7f232e95ae92965f748') in 0.007584 seconds 
========================================================================
Received Import Request.
  Time since last request: 1.121937 seconds.
  path: Assets/Resources/Prefabs
  artifactKey: Guid(a4d99f89bf045744880a33c94bbe677c) Importer(815301076,1909f56bfc062723c751e8b465ee728b)
Start importing Assets/Resources/Prefabs using Guid(a4d99f89bf045744880a33c94bbe677c) Importer(815301076,1909f56bfc062723c751e8b465ee728b)  -> (artifact id: '541f2bdfd2eab144c6150a05ca3b8d0c') in 0.007613 seconds 
========================================================================
Received Import Request.
  Time since last request: 0.046902 seconds.
  path: Assets/Resources/Prefabs/PrefabPatternA.prefab
  artifactKey: Guid(65fd6e605d6bcf24db59418e7f32f0bc) Importer(815301076,1909f56bfc062723c751e8b465ee728b)
Start importing Assets/Resources/Prefabs/PrefabPatternA.prefab using Guid(65fd6e605d6bcf24db59418e7f32f0bc) Importer(815301076,1909f56bfc062723c751e8b465ee728b)  -> (artifact id: 'adf56577dd297c2506785c362b500259') in 0.310583 seconds 
========================================================================
Received Import Request.
  Time since last request: 0.000023 seconds.
  path: Assets/Resources/Prefabs/PrefabPatternI.prefab
  artifactKey: Guid(d63cf2515ddb289488cac89b9c0093d0) Importer(815301076,1909f56bfc062723c751e8b465ee728b)
Start importing Assets/Resources/Prefabs/PrefabPatternI.prefab using Guid(d63cf2515ddb289488cac89b9c0093d0) Importer(815301076,1909f56bfc062723c751e8b465ee728b)  -> (artifact id: '9196985b927554d9ddde6490c64c6802') in 0.030209 seconds 
========================================================================
Received Import Request.
  Time since last request: 0.000028 seconds.
  path: Assets/Resources/Prefabs/PrefabPatternL.prefab
  artifactKey: Guid(b92e6a841abe5d04a88f43abda89ba11) Importer(815301076,1909f56bfc062723c751e8b465ee728b)
Start importing Assets/Resources/Prefabs/PrefabPatternL.prefab using Guid(b92e6a841abe5d04a88f43abda89ba11) Importer(815301076,1909f56bfc062723c751e8b465ee728b)  -> (artifact id: '2d40c40daa7e07d2dbc7280e4d8938ef') in 0.026551 seconds 
========================================================================
Received Import Request.
  Time since last request: 0.000021 seconds.
  path: Assets/Resources/Prefabs/PrefabPatternE.prefab
  artifactKey: Guid(b26235b14bb8de24cbb57fc5b45af7fe) Importer(815301076,1909f56bfc062723c751e8b465ee728b)
Start importing Assets/Resources/Prefabs/PrefabPatternE.prefab using Guid(b26235b14bb8de24cbb57fc5b45af7fe) Importer(815301076,1909f56bfc062723c751e8b465ee728b)  -> (artifact id: '0f0955dfa9d3d1503e9c80b2b837edf6') in 0.019215 seconds 
========================================================================
Received Import Request.
  Time since last request: 0.000031 seconds.
  path: Assets/Resources/Prefabs/PrefabPatternN.prefab
  artifactKey: Guid(4b4bb66f89aa7614eafe13e928ed2d68) Importer(815301076,1909f56bfc062723c751e8b465ee728b)
Start importing Assets/Resources/Prefabs/PrefabPatternN.prefab using Guid(4b4bb66f89aa7614eafe13e928ed2d68) Importer(815301076,1909f56bfc062723c751e8b465ee728b)  -> (artifact id: '77dd679cec7602c5d2a56f1748991c3c') in 0.020012 seconds 
========================================================================
Received Import Request.
  Time since last request: 0.000083 seconds.
  path: Assets/Resources/Prefabs/PrefabPatternK.prefab
  artifactKey: Guid(5bf00ec40dfba7745a435f3761470657) Importer(815301076,1909f56bfc062723c751e8b465ee728b)
Start importing Assets/Resources/Prefabs/PrefabPatternK.prefab using Guid(5bf00ec40dfba7745a435f3761470657) Importer(815301076,1909f56bfc062723c751e8b465ee728b)  -> (artifact id: '94d7ef04fc2fc0861d2bd09d4e9e8847') in 0.024967 seconds 
========================================================================
Received Import Request.
  Time since last request: 0.000024 seconds.
  path: Assets/Resources/Prefabs/PrefabPatternJ.prefab
  artifactKey: Guid(0adbe10f76ae0504ebee27aeeeceffa0) Importer(815301076,1909f56bfc062723c751e8b465ee728b)
Start importing Assets/Resources/Prefabs/PrefabPatternJ.prefab using Guid(0adbe10f76ae0504ebee27aeeeceffa0) Importer(815301076,1909f56bfc062723c751e8b465ee728b)  -> (artifact id: '7eb96fa17b26a45d85d06fc40d3b0168') in 0.018238 seconds 
========================================================================
Received Import Request.
  Time since last request: 0.000034 seconds.
  path: Assets/Resources/Prefabs/PrefabPatternC.prefab
  artifactKey: Guid(44bedd87dcf566f479c009060d361d85) Importer(815301076,1909f56bfc062723c751e8b465ee728b)
Start importing Assets/Resources/Prefabs/PrefabPatternC.prefab using Guid(44bedd87dcf566f479c009060d361d85) Importer(815301076,1909f56bfc062723c751e8b465ee728b)  -> (artifact id: '9cf2472f008648a43dd2579034ecec5b') in 0.019881 seconds 
========================================================================
Received Import Request.
  Time since last request: 1.032586 seconds.
  path: Assets/Resources/Prefabs/Connections
  artifactKey: Guid(1b301991ce1472c43a49755c36a490bd) Importer(815301076,1909f56bfc062723c751e8b465ee728b)
Start importing Assets/Resources/Prefabs/Connections using Guid(1b301991ce1472c43a49755c36a490bd) Importer(815301076,1909f56bfc062723c751e8b465ee728b)  -> (artifact id: '9595866cc3cc9be77f440691a04bc706') in 0.008145 seconds 
========================================================================
Received Import Request.
  Time since last request: 0.050889 seconds.
  path: Assets/Resources/Prefabs/Connections/conBlue.prefab
  artifactKey: Guid(22873933701f7164dad6f053bb84beae) Importer(815301076,1909f56bfc062723c751e8b465ee728b)
Start importing Assets/Resources/Prefabs/Connections/conBlue.prefab using Guid(22873933701f7164dad6f053bb84beae) Importer(815301076,1909f56bfc062723c751e8b465ee728b)  -> (artifact id: '1547d57b7ff342a68050b0a61d80ef93') in 0.013678 seconds 
========================================================================
Received Import Request.
  Time since last request: 0.000016 seconds.
  path: Assets/Resources/Prefabs/Connections/conYellow.prefab
  artifactKey: Guid(ecc2f4bf90a53dd418022662cef22b38) Importer(815301076,1909f56bfc062723c751e8b465ee728b)
Start importing Assets/Resources/Prefabs/Connections/conYellow.prefab using Guid(ecc2f4bf90a53dd418022662cef22b38) Importer(815301076,1909f56bfc062723c751e8b465ee728b)  -> (artifact id: 'e62b0af725fdf170676ae1d9fc6bd756') in 0.015317 seconds 
========================================================================
Received Import Request.
  Time since last request: 0.000020 seconds.
  path: Assets/Resources/Prefabs/Connections/conGreen.prefab
  artifactKey: Guid(3d62a0ed840f06648a976f70f21048b6) Importer(815301076,1909f56bfc062723c751e8b465ee728b)
Start importing Assets/Resources/Prefabs/Connections/conGreen.prefab using Guid(3d62a0ed840f06648a976f70f21048b6) Importer(815301076,1909f56bfc062723c751e8b465ee728b)  -> (artifact id: '32972ee7cbf885d1ec2fe6d53c02d745') in 0.026454 seconds 
Editor requested this worker to shutdown with reason: Scaling down because of idle timeout
AssetImportWorker is now disconnected from the server
Process exiting
Exiting without the bug reporter. Application will terminate with return code 0